<?xml version="1.0" encoding="UTF-8"?>
<testng-results ignored="0" total="4" passed="3" failed="1" skipped="0">
  <reporter-output>
  </reporter-output>
  <suite started-at="2020-09-30T19:37:40 IST" name="Suite" finished-at="2020-09-30T19:38:59 IST" duration-ms="78984">
    <groups>
    </groups>
    <test started-at="2020-09-30T19:37:40 IST" name="validate title" finished-at="2020-09-30T19:38:26 IST" duration-ms="46087">
      <class name="package1.ValidateTitle">
        <test-method is-config="true" signature="initialize()[pri:0, instance:package1.ValidateTitle@60dce7ea]" started-at="2020-09-30T19:37:40 IST" name="initialize" finished-at="2020-09-30T19:38:24 IST" duration-ms="44886" status="PASS">
          <reporter-output>
          </reporter-output>
        </test-method> <!-- initialize -->
        <test-method signature="homePageNavigation()[pri:0, instance:package1.ValidateTitle@60dce7ea]" started-at="2020-09-30T19:38:24 IST" name="homePageNavigation" finished-at="2020-09-30T19:38:25 IST" duration-ms="165" status="FAIL">
          <exception class="java.lang.AssertionError">
            <message>
              <![CDATA[expected [FEATURED COURSE] but found [FEATURED COURSES]]]>
            </message>
            <full-stacktrace>
              <![CDATA[java.lang.AssertionError: expected [FEATURED COURSE] but found [FEATURED COURSES]
at org.testng.Assert.fail(Assert.java:99)
at org.testng.Assert.failNotEquals(Assert.java:1037)
at org.testng.Assert.assertEqualsImpl(Assert.java:140)
at org.testng.Assert.assertEquals(Assert.java:122)
at org.testng.Assert.assertEquals(Assert.java:629)
at org.testng.Assert.assertEquals(Assert.java:639)
at package1.ValidateTitle.homePageNavigation(ValidateTitle.java:49)
at java.base/jdk.internal.reflect.NativeMethodAccessorImpl.invoke0(Native Method)
at java.base/jdk.internal.reflect.NativeMethodAccessorImpl.invoke(NativeMethodAccessorImpl.java:62)
at java.base/jdk.internal.reflect.DelegatingMethodAccessorImpl.invoke(DelegatingMethodAccessorImpl.java:43)
at java.base/java.lang.reflect.Method.invoke(Method.java:564)
at org.testng.internal.MethodInvocationHelper.invokeMethod(MethodInvocationHelper.java:132)
at org.testng.internal.TestInvoker.invokeMethod(TestInvoker.java:599)
at org.testng.internal.TestInvoker.invokeTestMethod(TestInvoker.java:174)
at org.testng.internal.MethodRunner.runInSequence(MethodRunner.java:46)
at org.testng.internal.TestInvoker$MethodInvocationAgent.invoke(TestInvoker.java:822)
at org.testng.internal.TestInvoker.invokeTestMethods(TestInvoker.java:147)
at org.testng.internal.TestMethodWorker.invokeTestMethods(TestMethodWorker.java:146)
at org.testng.internal.TestMethodWorker.run(TestMethodWorker.java:128)
at java.base/java.util.ArrayList.forEach(ArrayList.java:1510)
at org.testng.TestRunner.privateRun(TestRunner.java:764)
at org.testng.TestRunner.run(TestRunner.java:585)
at org.testng.SuiteRunner.runTest(SuiteRunner.java:384)
at org.testng.SuiteRunner.access$000(SuiteRunner.java:28)
at org.testng.SuiteRunner$SuiteWorker.run(SuiteRunner.java:425)
at org.testng.internal.thread.ThreadUtil.lambda$execute$0(ThreadUtil.java:66)
at java.base/java.util.concurrent.FutureTask.run(FutureTask.java:264)
at java.base/java.util.concurrent.ThreadPoolExecutor.runWorker(ThreadPoolExecutor.java:1130)
at java.base/java.util.concurrent.ThreadPoolExecutor$Worker.run(ThreadPoolExecutor.java:630)
at java.base/java.lang.Thread.run(Thread.java:832)
]]>
            </full-stacktrace>
          </exception> <!-- java.lang.AssertionError -->
          <reporter-output>
          </reporter-output>
        </test-method> <!-- homePageNavigation -->
        <test-method signature="validateContactNavigation()[pri:0, instance:package1.ValidateTitle@60dce7ea]" started-at="2020-09-30T19:38:25 IST" name="validateContactNavigation" finished-at="2020-09-30T19:38:26 IST" duration-ms="136" status="PASS">
          <reporter-output>
          </reporter-output>
        </test-method> <!-- validateContactNavigation -->
        <test-method is-config="true" signature="closeBrowser()[pri:0, instance:package1.ValidateTitle@60dce7ea]" started-at="2020-09-30T19:38:26 IST" name="closeBrowser" finished-at="2020-09-30T19:38:26 IST" duration-ms="137" status="PASS">
          <reporter-output>
          </reporter-output>
        </test-method> <!-- closeBrowser -->
      </class> <!-- package1.ValidateTitle -->
    </test> <!-- validate title -->
    <test started-at="2020-09-30T19:37:40 IST" name="home" finished-at="2020-09-30T19:38:59 IST" duration-ms="78984">
      <class name="package1.HomePage">
        <test-method signature="homePageNavigation(java.lang.String, java.lang.String)[pri:0, instance:package1.HomePage@cb191ca]" started-at="2020-09-30T19:37:40 IST" name="homePageNavigation" data-provider="getData" finished-at="2020-09-30T19:38:32 IST" duration-ms="52410" status="PASS">
          <params>
            <param index="0">
              <value>
                <![CDATA[mounika]]>
              </value>
            </param>
            <param index="1">
              <value>
                <![CDATA[12345]]>
              </value>
            </param>
          </params>
          <reporter-output>
          </reporter-output>
        </test-method> <!-- homePageNavigation -->
        <test-method signature="homePageNavigation(java.lang.String, java.lang.String)[pri:0, instance:package1.HomePage@cb191ca]" started-at="2020-09-30T19:38:32 IST" name="homePageNavigation" data-provider="getData" finished-at="2020-09-30T19:38:58 IST" duration-ms="26383" status="PASS">
          <params>
            <param index="0">
              <value>
                <![CDATA[mona]]>
              </value>
            </param>
            <param index="1">
              <value>
                <![CDATA[8900]]>
              </value>
            </param>
          </params>
          <reporter-output>
          </reporter-output>
        </test-method> <!-- homePageNavigation -->
        <test-method is-config="true" signature="closeBrowser()[pri:0, instance:package1.HomePage@cb191ca]" started-at="2020-09-30T19:38:58 IST" name="closeBrowser" finished-at="2020-09-30T19:38:59 IST" duration-ms="159" status="PASS">
          <reporter-output>
          </reporter-output>
        </test-method> <!-- closeBrowser -->
      </class> <!-- package1.HomePage -->
    </test> <!-- home -->
  </suite> <!-- Suite -->
</testng-results>
